0 info it worked if it ends with ok
1 verbose cli [ '/usr/local/bin/node',
1 verbose cli   '/usr/local/bin/npm',
1 verbose cli   'run',
1 verbose cli   'build:prod' ]
2 info using npm@4.1.2
3 info using node@v7.7.4
4 verbose run-script [ 'prebuild:prod', 'build:prod', 'postbuild:prod' ]
5 info lifecycle nodejs-angular-mongodb@1.0.0~prebuild:prod: nodejs-angular-mongodb@1.0.0
6 silly lifecycle nodejs-angular-mongodb@1.0.0~prebuild:prod: no script for prebuild:prod, continuing
7 info lifecycle nodejs-angular-mongodb@1.0.0~build:prod: nodejs-angular-mongodb@1.0.0
8 verbose lifecycle nodejs-angular-mongodb@1.0.0~build:prod: unsafe-perm in lifecycle true
9 verbose lifecycle nodejs-angular-mongodb@1.0.0~build:prod: PATH: /usr/local/lib/node_modules/npm/bin/node-gyp-bin:/Users/satishkamavaram/Angular/angular-nodejs-mongodb/node_modules/.bin:/Library/Frameworks/Python.framework/Versions/3.6/bin:/usr/local/bin:/usr/bin:/bin:/usr/sbin:/sbin:/opt/X11/bin:/usr/local/git/bin:/usr/loca/git/bin:/usr/local/git/bin:/usr/local/bin:/Users/satishkamavaram/mongodb-osx-x86_64-3.0.3/bin:/users/satishkamavaram/Mongodb/data/server/
10 verbose lifecycle nodejs-angular-mongodb@1.0.0~build:prod: CWD: /Users/satishkamavaram/Angular/angular-nodejs-mongodb
11 silly lifecycle nodejs-angular-mongodb@1.0.0~build:prod: Args: [ '-c',
11 silly lifecycle   'del-cli public/js/app && ngc -p tsconfig.aot.json && ngc -p tsconfig.aot.json && webpack --config webpack.config.prod.js --progress --profile --bail && del-cli \'public/js/app/**/*.js\' \'public/js/app/**/*.js.map\' \'!public/js/app/bundle.js\' \'!public/js/app/*.chunk.js\' \'assets/app/**/*.ngfactory.ts\' \'assets/app/**/*.shim.ts\' \'assets/app/**/*.ngsummary.json\' \'assets/app/**/*.ngstyle.ts\'' ]
12 silly lifecycle nodejs-angular-mongodb@1.0.0~build:prod: Returned: code: 1  signal: null
13 info lifecycle nodejs-angular-mongodb@1.0.0~build:prod: Failed to exec build:prod script
14 verbose stack Error: nodejs-angular-mongodb@1.0.0 build:prod: `del-cli public/js/app && ngc -p tsconfig.aot.json && ngc -p tsconfig.aot.json && webpack --config webpack.config.prod.js --progress --profile --bail && del-cli 'public/js/app/**/*.js' 'public/js/app/**/*.js.map' '!public/js/app/bundle.js' '!public/js/app/*.chunk.js' 'assets/app/**/*.ngfactory.ts' 'assets/app/**/*.shim.ts' 'assets/app/**/*.ngsummary.json' 'assets/app/**/*.ngstyle.ts'`
14 verbose stack Exit status 1
14 verbose stack     at EventEmitter.<anonymous> (/usr/local/lib/node_modules/npm/lib/utils/lifecycle.js:279:16)
14 verbose stack     at emitTwo (events.js:106:13)
14 verbose stack     at EventEmitter.emit (events.js:194:7)
14 verbose stack     at ChildProcess.<anonymous> (/usr/local/lib/node_modules/npm/lib/utils/spawn.js:40:14)
14 verbose stack     at emitTwo (events.js:106:13)
14 verbose stack     at ChildProcess.emit (events.js:194:7)
14 verbose stack     at maybeClose (internal/child_process.js:899:16)
14 verbose stack     at Process.ChildProcess._handle.onexit (internal/child_process.js:226:5)
15 verbose pkgid nodejs-angular-mongodb@1.0.0
16 verbose cwd /Users/satishkamavaram/Angular/angular-nodejs-mongodb
17 error Darwin 14.5.0
18 error argv "/usr/local/bin/node" "/usr/local/bin/npm" "run" "build:prod"
19 error node v7.7.4
20 error npm  v4.1.2
21 error code ELIFECYCLE
22 error nodejs-angular-mongodb@1.0.0 build:prod: `del-cli public/js/app && ngc -p tsconfig.aot.json && ngc -p tsconfig.aot.json && webpack --config webpack.config.prod.js --progress --profile --bail && del-cli 'public/js/app/**/*.js' 'public/js/app/**/*.js.map' '!public/js/app/bundle.js' '!public/js/app/*.chunk.js' 'assets/app/**/*.ngfactory.ts' 'assets/app/**/*.shim.ts' 'assets/app/**/*.ngsummary.json' 'assets/app/**/*.ngstyle.ts'`
22 error Exit status 1
23 error Failed at the nodejs-angular-mongodb@1.0.0 build:prod script 'del-cli public/js/app && ngc -p tsconfig.aot.json && ngc -p tsconfig.aot.json && webpack --config webpack.config.prod.js --progress --profile --bail && del-cli 'public/js/app/**/*.js' 'public/js/app/**/*.js.map' '!public/js/app/bundle.js' '!public/js/app/*.chunk.js' 'assets/app/**/*.ngfactory.ts' 'assets/app/**/*.shim.ts' 'assets/app/**/*.ngsummary.json' 'assets/app/**/*.ngstyle.ts''.
23 error Make sure you have the latest version of node.js and npm installed.
23 error If you do, this is most likely a problem with the nodejs-angular-mongodb package,
23 error not with npm itself.
23 error Tell the author that this fails on your system:
23 error     del-cli public/js/app && ngc -p tsconfig.aot.json && ngc -p tsconfig.aot.json && webpack --config webpack.config.prod.js --progress --profile --bail && del-cli 'public/js/app/**/*.js' 'public/js/app/**/*.js.map' '!public/js/app/bundle.js' '!public/js/app/*.chunk.js' 'assets/app/**/*.ngfactory.ts' 'assets/app/**/*.shim.ts' 'assets/app/**/*.ngsummary.json' 'assets/app/**/*.ngstyle.ts'
23 error You can get information on how to open an issue for this project with:
23 error     npm bugs nodejs-angular-mongodb
23 error Or if that isn't available, you can get their info via:
23 error     npm owner ls nodejs-angular-mongodb
23 error There is likely additional logging output above.
24 verbose exit [ 1, true ]
